0 info it worked if it ends with ok
1 verbose cli [ '/Users/robertodelvallejr./.nvm/versions/node/v4.4.0/bin/node',
1 verbose cli   '/Users/robertodelvallejr./.nvm/versions/node/v4.4.0/bin/npm',
1 verbose cli   'start' ]
2 info using npm@3.10.8
3 info using node@v4.4.0
4 verbose run-script [ 'prestart', 'start', 'poststart' ]
5 info lifecycle quickstart@1.0.0~prestart: quickstart@1.0.0
6 silly lifecycle quickstart@1.0.0~prestart: no script for prestart, continuing
7 info lifecycle quickstart@1.0.0~start: quickstart@1.0.0
8 verbose lifecycle quickstart@1.0.0~start: unsafe-perm in lifecycle true
9 verbose lifecycle quickstart@1.0.0~start: PATH: /Users/robertodelvallejr./.nvm/versions/node/v4.4.0/lib/node_modules/npm/bin/node-gyp-bin:/Users/robertodelvallejr./wdi/post-wdi/angular2-practice/quickstart/node_modules/.bin:/usr/local/Cellar/pyenv-virtualenv/20160315/shims:/usr/local/var/pyenv/shims:/usr/local/var/rbenv/shims:/Users/robertodelvallejr./.rbenv/bin:/Users/robertodelvallejr./.nvm/versions/node/v4.4.0/bin:/usr/local/var/rbenv/shims:/Users/robertodelvallejr./.rbenv/bin:/usr/local/bin:/usr/local/bin:/usr/bin:/bin:/usr/sbin:/sbin
10 verbose lifecycle quickstart@1.0.0~start: CWD: /Users/robertodelvallejr./wdi/post-wdi/angular2-practice/quickstart
11 silly lifecycle quickstart@1.0.0~start: Args: [ '-c', 'tsc && concurrently "npm run tsc:w" "npm run lite" ' ]
12 silly lifecycle quickstart@1.0.0~start: Returned: code: 2  signal: null
13 info lifecycle quickstart@1.0.0~start: Failed to exec start script
14 verbose stack Error: quickstart@1.0.0 start: `tsc && concurrently "npm run tsc:w" "npm run lite" `
14 verbose stack Exit status 2
14 verbose stack     at EventEmitter.<anonymous> (/Users/robertodelvallejr./.nvm/versions/node/v4.4.0/lib/node_modules/npm/lib/utils/lifecycle.js:255:16)
14 verbose stack     at emitTwo (events.js:87:13)
14 verbose stack     at EventEmitter.emit (events.js:172:7)
14 verbose stack     at ChildProcess.<anonymous> (/Users/robertodelvallejr./.nvm/versions/node/v4.4.0/lib/node_modules/npm/lib/utils/spawn.js:40:14)
14 verbose stack     at emitTwo (events.js:87:13)
14 verbose stack     at ChildProcess.emit (events.js:172:7)
14 verbose stack     at maybeClose (internal/child_process.js:827:16)
14 verbose stack     at Process.ChildProcess._handle.onexit (internal/child_process.js:211:5)
15 verbose pkgid quickstart@1.0.0
16 verbose cwd /Users/robertodelvallejr./wdi/post-wdi/angular2-practice/quickstart
17 error Darwin 16.0.0
18 error argv "/Users/robertodelvallejr./.nvm/versions/node/v4.4.0/bin/node" "/Users/robertodelvallejr./.nvm/versions/node/v4.4.0/bin/npm" "start"
19 error node v4.4.0
20 error npm  v3.10.8
21 error code ELIFECYCLE
22 error quickstart@1.0.0 start: `tsc && concurrently "npm run tsc:w" "npm run lite" `
22 error Exit status 2
23 error Failed at the quickstart@1.0.0 start script 'tsc && concurrently "npm run tsc:w" "npm run lite" '.
23 error Make sure you have the latest version of node.js and npm installed.
23 error If you do, this is most likely a problem with the quickstart package,
23 error not with npm itself.
23 error Tell the author that this fails on your system:
23 error     tsc && concurrently "npm run tsc:w" "npm run lite"
23 error You can get information on how to open an issue for this project with:
23 error     npm bugs quickstart
23 error Or if that isn't available, you can get their info via:
23 error     npm owner ls quickstart
23 error There is likely additional logging output above.
24 verbose exit [ 1, true ]
